<?xml version="1.0" encoding="UTF-8"?>
<testsuite xmlns:xsi="http://www.w3.org/2001/XMLSchema-instance" xsi:noNamespaceSchemaLocation="https://maven.apache.org/surefire/maven-surefire-plugin/xsd/surefire-test-report.xsd" name="myapp.TestMyApp" time="1.883" tests="4" errors="0" skipped="0" failures="0">
  <properties>
[...]
</properties>
  <testcase name="testHelloService" classname="myapp.TestMyApp" time="0.337"/>
  <testcase name="testBye" classname="myapp.TestMyApp" time="0.004"/>
  <testcase name="testHelloByContext" classname="myapp.TestMyApp" time="0.005"/>
  <testcase name="testHelloByName" classname="myapp.TestMyApp" time="0.005"/>
</testsuite>